Build started 2015/5/14 15:45:01.
     1>Project "D:\TDDOWNLOAD\SCS-1.0.1\build\VS2010\ai\ai.vcxproj" on node 3 (build target(s)).
     1>InitializeBuildStatus:
         Creating "Release\ai.unsuccessfulbuild" because "AlwaysCreate" was specified.
       ClCompile:
         All outputs are up-to-date.
       Link:
         C:\Program Files (x86)\Microsoft Visual Studio 10.0\VC\bin\link.exe /ERRORREPORT:PROMPT /OUT:"D:\TDDOWNLOAD\SCS-1.0.1\build\VS2010\Release\ai.exe" /NOLOGO /LIBPATH:"D:\TDDOWNLOAD\SCS-1.0.1\build\VS2010\ai\lib" ode_double.lib kernel32.lib user32.lib gdi32.lib winspool.lib comdlg32.lib advapi32.lib shell32.lib ole32.lib oleaut32.lib uuid.lib odbc32.lib odbccp32.lib opencv_core231d.lib opencv_video231d.lib opencv_highgui231d.lib opencv_imgproc231d.lib kernel32.lib user32.lib gdi32.lib winspool.lib comdlg32.lib advapi32.lib shell32.lib ole32.lib oleaut32.lib uuid.lib odbc32.lib odbccp32.lib /NODEFAULTLIB:LIBCMT /MANIFEST /ManifestFile:"Release\ai.exe.intermediate.manifest" /MANIFESTUAC:"level='asInvoker' uiAccess='false'" /DEBUG /PDB:"D:\TDDOWNLOAD\SCS-1.0.1\build\VS2010\Release\ai.pdb" /OPT:REF /OPT:ICF /LTCG /TLBID:1 /DYNAMICBASE /NXCOMPAT /IMPLIB:"D:\TDDOWNLOAD\SCS-1.0.1\build\VS2010\Release\ai.lib" /MACHINE:X86 Release\CCDA.obj
         Release\main.obj
         Release\motor.obj
         Release\nt.obj
         Release\servo.obj
         "D:\TDDOWNLOAD\SCS-1.0.1\build\VS2010\Release\scs.lib"
         Generating code
         Finished generating code
     1>freeglut_static.lib(freeglut_init.obj) : warning LNK4099: PDB 'vc100.pdb' was not found with 'freeglut_static.lib(freeglut_init.obj)' or at 'D:\TDDOWNLOAD\SCS-1.0.1\build\VS2010\Release\vc100.pdb'; linking object as if no debug info
     1>freeglut_static.lib(freeglut_window.obj) : warning LNK4099: PDB 'vc100.pdb' was not found with 'freeglut_static.lib(freeglut_window.obj)' or at 'D:\TDDOWNLOAD\SCS-1.0.1\build\VS2010\Release\vc100.pdb'; linking object as if no debug info
     1>freeglut_static.lib(freeglut_main.obj) : warning LNK4099: PDB 'vc100.pdb' was not found with 'freeglut_static.lib(freeglut_main.obj)' or at 'D:\TDDOWNLOAD\SCS-1.0.1\build\VS2010\Release\vc100.pdb'; linking object as if no debug info
     1>freeglut_static.lib(freeglut_callbacks.obj) : warning LNK4099: PDB 'vc100.pdb' was not found with 'freeglut_static.lib(freeglut_callbacks.obj)' or at 'D:\TDDOWNLOAD\SCS-1.0.1\build\VS2010\Release\vc100.pdb'; linking object as if no debug info
     1>freeglut_static.lib(freeglut_display.obj) : warning LNK4099: PDB 'vc100.pdb' was not found with 'freeglut_static.lib(freeglut_display.obj)' or at 'D:\TDDOWNLOAD\SCS-1.0.1\build\VS2010\Release\vc100.pdb'; linking object as if no debug info
     1>freeglut_static.lib(freeglut_geometry.obj) : warning LNK4099: PDB 'vc100.pdb' was not found with 'freeglut_static.lib(freeglut_geometry.obj)' or at 'D:\TDDOWNLOAD\SCS-1.0.1\build\VS2010\Release\vc100.pdb'; linking object as if no debug info
     1>freeglut_static.lib(freeglut_structure.obj) : warning LNK4099: PDB 'vc100.pdb' was not found with 'freeglut_static.lib(freeglut_structure.obj)' or at 'D:\TDDOWNLOAD\SCS-1.0.1\build\VS2010\Release\vc100.pdb'; linking object as if no debug info
     1>freeglut_static.lib(freeglut_input_devices.obj) : warning LNK4099: PDB 'vc100.pdb' was not found with 'freeglut_static.lib(freeglut_input_devices.obj)' or at 'D:\TDDOWNLOAD\SCS-1.0.1\build\VS2010\Release\vc100.pdb'; linking object as if no debug info
     1>freeglut_static.lib(freeglut_gamemode.obj) : warning LNK4099: PDB 'vc100.pdb' was not found with 'freeglut_static.lib(freeglut_gamemode.obj)' or at 'D:\TDDOWNLOAD\SCS-1.0.1\build\VS2010\Release\vc100.pdb'; linking object as if no debug info
     1>freeglut_static.lib(freeglut_joystick.obj) : warning LNK4099: PDB 'vc100.pdb' was not found with 'freeglut_static.lib(freeglut_joystick.obj)' or at 'D:\TDDOWNLOAD\SCS-1.0.1\build\VS2010\Release\vc100.pdb'; linking object as if no debug info
     1>freeglut_static.lib(freeglut_state.obj) : warning LNK4099: PDB 'vc100.pdb' was not found with 'freeglut_static.lib(freeglut_state.obj)' or at 'D:\TDDOWNLOAD\SCS-1.0.1\build\VS2010\Release\vc100.pdb'; linking object as if no debug info
     1>freeglut_static.lib(freeglut_cursor.obj) : warning LNK4099: PDB 'vc100.pdb' was not found with 'freeglut_static.lib(freeglut_cursor.obj)' or at 'D:\TDDOWNLOAD\SCS-1.0.1\build\VS2010\Release\vc100.pdb'; linking object as if no debug info
     1>freeglut_static.lib(freeglut_menu.obj) : warning LNK4099: PDB 'vc100.pdb' was not found with 'freeglut_static.lib(freeglut_menu.obj)' or at 'D:\TDDOWNLOAD\SCS-1.0.1\build\VS2010\Release\vc100.pdb'; linking object as if no debug info
     1>freeglut_static.lib(freeglut_spaceball.obj) : warning LNK4099: PDB 'vc100.pdb' was not found with 'freeglut_static.lib(freeglut_spaceball.obj)' or at 'D:\TDDOWNLOAD\SCS-1.0.1\build\VS2010\Release\vc100.pdb'; linking object as if no debug info
     1>freeglut_static.lib(freeglut_font.obj) : warning LNK4099: PDB 'vc100.pdb' was not found with 'freeglut_static.lib(freeglut_font.obj)' or at 'D:\TDDOWNLOAD\SCS-1.0.1\build\VS2010\Release\vc100.pdb'; linking object as if no debug info
     1>freeglut_static.lib(freeglut_font_data.obj) : warning LNK4099: PDB 'vc100.pdb' was not found with 'freeglut_static.lib(freeglut_font_data.obj)' or at 'D:\TDDOWNLOAD\SCS-1.0.1\build\VS2010\Release\vc100.pdb'; linking object as if no debug info
     1>freeglut_static.lib(freeglut_stroke_roman.obj) : warning LNK4099: PDB 'vc100.pdb' was not found with 'freeglut_static.lib(freeglut_stroke_roman.obj)' or at 'D:\TDDOWNLOAD\SCS-1.0.1\build\VS2010\Release\vc100.pdb'; linking object as if no debug info
     1>freeglut_static.lib(freeglut_stroke_mono_roman.obj) : warning LNK4099: PDB 'vc100.pdb' was not found with 'freeglut_static.lib(freeglut_stroke_mono_roman.obj)' or at 'D:\TDDOWNLOAD\SCS-1.0.1\build\VS2010\Release\vc100.pdb'; linking object as if no debug info
         ai.vcxproj -> D:\TDDOWNLOAD\SCS-1.0.1\build\VS2010\Release\ai.exe
       Manifest:
         C:\Program Files (x86)\Microsoft SDKs\Windows\v7.0A\bin\mt.exe /nologo /verbose /outputresource:"D:\TDDOWNLOAD\SCS-1.0.1\build\VS2010\Release\ai.exe;#1" /manifest Release\ai.exe.intermediate.manifest
       FinalizeBuildStatus:
         Deleting file "Release\ai.unsuccessfulbuild".
         Touching "Release\ai.lastbuildstate".
     1>Done Building Project "D:\TDDOWNLOAD\SCS-1.0.1\build\VS2010\ai\ai.vcxproj" (build target(s)).

Build succeeded.

Time Elapsed 00:00:03.55
